03/02/2021 09:33:39 PM [正常]楽天書籍情報収集処理を開始します。
03/02/2021 09:33:39 PM Using selector: KqueueSelector
03/02/2021 09:33:39 PM Starting new HTTPS connection (1): app.rakuten.co.jp:443
03/02/2021 09:33:39 PM https://app.rakuten.co.jp:443 "GET /services/api/BooksBook/Search/20170404?applicationId=1037700403670240218&format=json&title=%E3%83%87%E3%82%A3%E3%83%BC%E3%83%97%E3%83%A9%E3%83%BC%E3%83%8B%E3%83%B3%E3%82%B0 HTTP/1.1" 200 9322
03/02/2021 09:33:39 PM Starting new HTTPS connection (1): notify-api.line.me:443
03/02/2021 09:33:39 PM https://notify-api.line.me:443 "POST /api/notify HTTP/1.1" 200 None
03/02/2021 09:33:39 PM Starting new HTTPS connection (1): notify-api.line.me:443
03/02/2021 09:33:40 PM https://notify-api.line.me:443 "POST /api/notify HTTP/1.1" 200 None
03/02/2021 09:33:40 PM Starting new HTTPS connection (1): notify-api.line.me:443
03/02/2021 09:33:40 PM https://notify-api.line.me:443 "POST /api/notify HTTP/1.1" 200 None
03/02/2021 09:33:40 PM Starting new HTTPS connection (1): notify-api.line.me:443
03/02/2021 09:33:40 PM https://notify-api.line.me:443 "POST /api/notify HTTP/1.1" 200 None
03/02/2021 09:33:40 PM Starting new HTTPS connection (1): notify-api.line.me:443
03/02/2021 09:33:40 PM https://notify-api.line.me:443 "POST /api/notify HTTP/1.1" 200 None
03/02/2021 09:33:40 PM Starting new HTTPS connection (1): notify-api.line.me:443
03/02/2021 09:33:40 PM https://notify-api.line.me:443 "POST /api/notify HTTP/1.1" 200 None
03/02/2021 09:33:40 PM Starting new HTTPS connection (1): notify-api.line.me:443
03/02/2021 09:33:40 PM https://notify-api.line.me:443 "POST /api/notify HTTP/1.1" 200 None
03/02/2021 09:33:40 PM Starting new HTTPS connection (1): notify-api.line.me:443
03/02/2021 09:33:40 PM https://notify-api.line.me:443 "POST /api/notify HTTP/1.1" 200 None
03/02/2021 09:33:40 PM Starting new HTTPS connection (1): notify-api.line.me:443
03/02/2021 09:33:40 PM https://notify-api.line.me:443 "POST /api/notify HTTP/1.1" 200 None
03/02/2021 09:33:40 PM [正常]楽天書籍情報収集処理が正常終了しました。
